<?xml version="1.0" encoding="UTF-8"?>
<testng-results ignored="0" total="1" passed="1" failed="0" skipped="0">
  <reporter-output>
  </reporter-output>
  <suite started-at="2020-01-07T10:07:04 IST" name="Default suite" finished-at="2020-01-07T10:07:15 IST" duration-ms="11103">
    <groups>
    </groups>
    <test started-at="2020-01-07T10:07:04 IST" name="Default test" finished-at="2020-01-07T10:07:15 IST" duration-ms="11103">
      <class name="testCase.TestCases">
        <test-method is-config="true" signature="browser()[pri:0, instance:testCase.TestCases@3901d134]" started-at="2020-01-07T10:07:04 IST" name="browser" finished-at="2020-01-07T10:07:14 IST" duration-ms="10323" status="PASS">
          <reporter-output>
          </reporter-output>
        </test-method> <!-- browser -->
        <test-method signature="Login()[pri:0, instance:testCase.TestCases@3901d134]" started-at="2020-01-07T10:07:14 IST" name="Login" finished-at="2020-01-07T10:07:15 IST" duration-ms="722" status="PASS">
          <reporter-output>
          </reporter-output>
        </test-method> <!-- Login -->
      </class> <!-- testCase.TestCases -->
    </test> <!-- Default test -->
  </suite> <!-- Default suite -->
</testng-results>
